<?xml version="1.0" encoding="UTF-8"?>
<testng-results total="1" passed="1" failed="0" skipped="0">
  <reporter-output>
  </reporter-output>
  <suite started-at="2022-12-01T15:57:11Z" name="Default suite" finished-at="2022-12-01T15:57:21Z" duration-ms="9221">
    <groups>
    </groups>
    <test started-at="2022-12-01T15:57:11Z" name="Default test" finished-at="2022-12-01T15:57:21Z" duration-ms="9221">
      <class name="com.qa.randomprojects.TestCases.Log4jTest">
        <test-method signature="log4jTest()[pri:0, instance:com.qa.randomprojects.TestCases.Log4jTest@8f2016]" started-at="2022-12-01T21:27:11Z" name="log4jTest" finished-at="2022-12-01T21:27:21Z" duration-ms="9183" status="PASS">
          <reporter-output>
          </reporter-output>
        </test-method> <!-- log4jTest -->
      </class> <!-- com.qa.randomprojects.TestCases.Log4jTest -->
    </test> <!-- Default test -->
  </suite> <!-- Default suite -->
</testng-results>
